Success (2):
content 7063 _a-0000e255-ca76-8000-23f0-01ef9001ef90_40963 "EAP_TEst2"
content 7064 _a-0000e255-ca76-8000-23f0-01ef9001ef90_42152 "EAP_NewInterface"

Referenced precedents that were not exported (1):
content 6759 _a-0000e21d-e06a-8000-7d53-01ef9001ef90_48676

Trace:
2019-06-21 12:16:20.491 DEBUG content 7063 _a-0000e255-ca76-8000-23f0-01ef9001ef90_40963 Begin transport.
2019-06-21 12:16:20.491 DEBUG content 7063 _a-0000e255-ca76-8000-23f0-01ef9001ef90_40963 Retrieving object data.
2019-06-21 12:16:20.499 DEBUG content 7063 _a-0000e255-ca76-8000-23f0-01ef9001ef90_40963 Setting uuids of object references.
2019-06-21 12:16:20.499 DEBUG content 7063 _a-0000e255-ca76-8000-23f0-01ef9001ef90_40963 Processing reference: [Content:id=6775,versionId=-1,name=EAP_TEst2,type=32,subtype=0,uuid=_a-0000e255-ca76-8000-23f0-01ef9001ef90_40963,parent=6759]
2019-06-21 12:16:20.499 DEBUG content 7063 _a-0000e255-ca76-8000-23f0-01ef9001ef90_40963 Processing reference: Constant.forum
2019-06-21 12:16:20.5 DEBUG content 7063 _a-0000e255-ca76-8000-23f0-01ef9001ef90_40963 Processing reference: Constant.parent
2019-06-21 12:16:20.502 DEBUG content 7063 _a-0000e255-ca76-8000-23f0-01ef9001ef90_40963 Processing reference: com.appiancorp.suiteapi.content.ContentRoleMap@36adc80f[
  ContentRole[name=readers,inherit=true,allowForAll=false]
  ContentRole[name=authors,inherit=true,allowForAll=false]
  ContentRole[name=administrators,inherit=true,allowForAll=false]
  ContentRole[name=denyReaders,inherit=false,allowForAll=false]
  ContentRole[name=denyAuthors,inherit=false,allowForAll=false]
  ContentRole[name=denyAdministrators,inherit=false,allowForAll=false]
  securityVector=15:SEC_PUBLIC=true,SEC_CREATOR_ADMIN=false,SEC_INH_ADMIN=true,SEC_INH_EDITOR=true,SEC_INH_VIEWER=true,SEC_ALL_ADMIN=false,SEC_ALL_EDITOR=false,SEC_ALL_VIEWER=false
]
2019-06-21 12:16:20.502 DEBUG content 7063 _a-0000e255-ca76-8000-23f0-01ef9001ef90_40963 Processing reference: ContentRole[name=readers,inherit=true,allowForAll=false]
2019-06-21 12:16:20.502 DEBUG content 7063 _a-0000e255-ca76-8000-23f0-01ef9001ef90_40963 Processing reference: ContentRole[name=authors,inherit=true,allowForAll=false]
2019-06-21 12:16:20.502 DEBUG content 7063 _a-0000e255-ca76-8000-23f0-01ef9001ef90_40963 Processing reference: ContentRole[name=administrators,inherit=true,allowForAll=false]
2019-06-21 12:16:20.502 DEBUG content 7063 _a-0000e255-ca76-8000-23f0-01ef9001ef90_40963 Processing reference: ContentRole[name=denyReaders,inherit=false,allowForAll=false]
2019-06-21 12:16:20.502 DEBUG content 7063 _a-0000e255-ca76-8000-23f0-01ef9001ef90_40963 Processing reference: ContentRole[name=denyAuthors,inherit=false,allowForAll=false]
2019-06-21 12:16:20.502 DEBUG content 7063 _a-0000e255-ca76-8000-23f0-01ef9001ef90_40963 Processing reference: ContentRole[name=denyAdministrators,inherit=false,allowForAll=false]
2019-06-21 12:16:20.503 DEBUG content 7063 _a-0000e255-ca76-8000-23f0-01ef9001ef90_40963 Completing produce.
2019-06-21 12:16:20.503 DEBUG content 7063 _a-0000e255-ca76-8000-23f0-01ef9001ef90_40963 Exporting binary resources.
2019-06-21 12:16:20.503 DEBUG content 7063 _a-0000e255-ca76-8000-23f0-01ef9001ef90_40963 Serializing object to XML.
2019-06-21 12:16:20.506 DEBUG content 7063 _a-0000e255-ca76-8000-23f0-01ef9001ef90_40963 Object transported.
2019-06-21 12:16:20.506 DEBUG content 7064 _a-0000e255-ca76-8000-23f0-01ef9001ef90_42152 Begin transport.
2019-06-21 12:16:20.506 DEBUG content 7064 _a-0000e255-ca76-8000-23f0-01ef9001ef90_42152 Retrieving object data.
2019-06-21 12:16:20.516 DEBUG content 7064 _a-0000e255-ca76-8000-23f0-01ef9001ef90_42152 Setting uuids of object references.
2019-06-21 12:16:20.516 DEBUG content 7064 _a-0000e255-ca76-8000-23f0-01ef9001ef90_42152 Processing reference: [Content:id=6922,versionId=-1,name=EAP_NewInterface,type=32,subtype=6,uuid=_a-0000e255-ca76-8000-23f0-01ef9001ef90_42152,parent=6759]
2019-06-21 12:16:20.526 DEBUG content 7064 _a-0000e255-ca76-8000-23f0-01ef9001ef90_42152 Processing reference: Interface.forum
2019-06-21 12:16:20.527 DEBUG content 7064 _a-0000e255-ca76-8000-23f0-01ef9001ef90_42152 Processing reference: Interface.parent
2019-06-21 12:16:20.53 DEBUG content 7064 _a-0000e255-ca76-8000-23f0-01ef9001ef90_42152 Processing reference: com.appiancorp.suiteapi.content.ContentRoleMap@13fb61ae[
  ContentRole[name=readers,inherit=true,allowForAll=false]
  ContentRole[name=authors,inherit=true,allowForAll=false]
  ContentRole[name=administrators,inherit=true,allowForAll=false]
  ContentRole[name=denyReaders,inherit=false,allowForAll=false]
  ContentRole[name=denyAuthors,inherit=false,allowForAll=false]
  ContentRole[name=denyAdministrators,inherit=false,allowForAll=false]
  securityVector=15:SEC_PUBLIC=true,SEC_CREATOR_ADMIN=false,SEC_INH_ADMIN=true,SEC_INH_EDITOR=true,SEC_INH_VIEWER=true,SEC_ALL_ADMIN=false,SEC_ALL_EDITOR=false,SEC_ALL_VIEWER=false
]
2019-06-21 12:16:20.53 DEBUG content 7064 _a-0000e255-ca76-8000-23f0-01ef9001ef90_42152 Processing reference: ContentRole[name=readers,inherit=true,allowForAll=false]
2019-06-21 12:16:20.53 DEBUG content 7064 _a-0000e255-ca76-8000-23f0-01ef9001ef90_42152 Processing reference: ContentRole[name=authors,inherit=true,allowForAll=false]
2019-06-21 12:16:20.53 DEBUG content 7064 _a-0000e255-ca76-8000-23f0-01ef9001ef90_42152 Processing reference: ContentRole[name=administrators,inherit=true,allowForAll=false]
2019-06-21 12:16:20.53 DEBUG content 7064 _a-0000e255-ca76-8000-23f0-01ef9001ef90_42152 Processing reference: ContentRole[name=denyReaders,inherit=false,allowForAll=false]
2019-06-21 12:16:20.53 DEBUG content 7064 _a-0000e255-ca76-8000-23f0-01ef9001ef90_42152 Processing reference: ContentRole[name=denyAuthors,inherit=false,allowForAll=false]
2019-06-21 12:16:20.53 DEBUG content 7064 _a-0000e255-ca76-8000-23f0-01ef9001ef90_42152 Processing reference: ContentRole[name=denyAdministrators,inherit=false,allowForAll=false]
2019-06-21 12:16:20.53 DEBUG content 7064 _a-0000e255-ca76-8000-23f0-01ef9001ef90_42152 Completing produce.
2019-06-21 12:16:20.53 DEBUG content 7064 _a-0000e255-ca76-8000-23f0-01ef9001ef90_42152 Exporting binary resources.
2019-06-21 12:16:20.53 DEBUG content 7064 _a-0000e255-ca76-8000-23f0-01ef9001ef90_42152 Serializing object to XML.
2019-06-21 12:16:20.531 DEBUG content 7064 _a-0000e255-ca76-8000-23f0-01ef9001ef90_42152 Object transported.
